     1                                  ;(a-b-b-c)+(a-c-c-d)
     2                                  
     3                                  bits 32
     4                                  global start
     5                                  
     6                                  extern exit
     7                                  import exit msvcrt.dll
     8                                  
     9                                  segment data use32 class=data
    10 00000000 32                          a db 50
    11 00000001 14                          b db 20
    12 00000002 02                          c db 2
    13 00000003 05                          d db 5
    14                                      
    15                                  segment code use32 class=code
    16                                  start:
    17                                      
    18 00000000 8A1D[00000000]              mov BL, [a] ; BL = a
    19 00000006 2A1D[02000000]              sub BL, [c] ; BL = a-c
    20 0000000C 88D8                        mov AL, BL ; AL = a-c
    21 0000000E 2A05[01000000]              sub AL, [b] ; AL = a-b-c
    22 00000014 2A05[01000000]              sub AL, [b] ; Al = a-b-b-c
    23 0000001A 2A1D[02000000]              sub BL, [c] ; BL = a-c-c
    24 00000020 2A1D[03000000]              sub BL, [d] ; BL = a-c-c-d
    25 00000026 00D8                        add AL, BL ; AL = (a-b-b-c)+(a-c-c-d)
    26                                      
    27 00000028 6A00                        push dword 0
    28 0000002A FF15[00000000]              call [exit]
