     1                                  ;(a-c)+(b-d)
     2                                  
     3                                  bits 32
     4                                  global start
     5                                  
     6                                  extern exit
     7                                  import exit msvcrt.dll 
     8                                  
     9                                  segment data use32 class=data 
    10 00000000 3200                        a dw 50
    11 00000002 E803                        b dw 1000
    12 00000004 EE02                        c dw 750
    13 00000006 9600                        d dw 150
    14                                  
    15                                  segment code use32 class=code
    16                                  start:
    17                                  
    18 00000000 66A1[00000000]              mov AX, [a] ; AX = a
    19 00000006 662B05[04000000]            sub AX, [c] ; AX = a-c
    20 0000000D 668B1D[02000000]            mov BX, [b] ; BX = b
    21 00000014 662B1D[06000000]            sub BX, [d] ; BX = b-d
    22 0000001B 6601D8                      add AX, BX ; AX = (a-c)+(b-d)
    23                                      
    24 0000001E 6A00                        push dword 0
    25 00000020 FF15[00000000]              call [exit]
