     1                                  ; Two byte strings A and B are given. Obtain the string R by concatenating the elements of B in reverse order and the elements of A in reverse order. 
     2                                  
     3                                  bits 32
     4                                  global start
     5                                  
     6                                  extern exit
     7                                  import exit msvcrt.dll
     8                                  
     9                                  segment data use32 class=data
    10 00000000 0201FD00                    a db 2, 1, -3, 0
    11                                      lenA equ $-a
    12 00000004 040507060201                b db 4, 5, 7, 6, 2, 1
    13                                      lenB equ $-b
    14 0000000A 00<rept>                    r times (lenA+lenB) db 0
    15                                     
    16                                  segment code use32 class=code
    17                                  start:
    18 00000000 B906000000                  mov ecx, lenB ; ecx := 6
    19 00000005 BE00000000                  mov esi, 0 ; esi := 0
    20 0000000A BF05000000                  mov edi, lenB-1 ; edi := 5
    21 0000000F E310                        jecxz aIsVoid
    22                                      Repeat1:
    23 00000011 8A86[04000000]                  mov al, [b+esi]
    24 00000017 8887[0A000000]                  mov [r+edi], al ; copying the elements of b in reverse order in r
    25 0000001D 46                              inc esi ; esi := esi+1
    26 0000001E 4F                              dec edi ; edi := edi-1
    27 0000001F E2F0                        loop Repeat1
    28                                      aIsVoid
    28          ******************       warning: label alone on a line without a colon might be in error [-w+orphan-labels]
    29                                      
    30 00000021 B904000000                  mov ecx, lenA ; ecx := 4
    31 00000026 BE00000000                  mov esi, 0 ; esi := 0
    32 0000002B BF09000000                  mov edi, lenA+lenB-1 ; edi := 9
    33 00000030 E310                        jecxz bIsVoid
    34                                      Repeat2: 
    35 00000032 8A86[00000000]                  mov al, [a+esi]
    36 00000038 8887[0A000000]                  mov [r+edi], al ; copying the elements of a in reverse order in r
    37 0000003E 46                              inc esi ; esi := esi+1
    38 0000003F 4F                              dec edi ; edi := edi-1
    39 00000040 E2F0                        loop Repeat2
    40                                      bIsVoid
    40          ******************       warning: label alone on a line without a colon might be in error [-w+orphan-labels]
    41                                      
    42 00000042 6A00                        push dword 0
    43 00000044 FF15[00000000]              call [exit]
