     1                                  bits 32 
     2                                  
     3                                  global start        
     4                                  
     5                                  extern exit, printf, scanf, fopen, fread, fclose
     6                                  import exit msvcrt.dll   
     7                                  import printf msvcrt.dll
     8                                  import scanf msvcrt.dll
     9                                  import fopen msvcrt.dll
    10                                  import fread msvcrt.dll
    11                                  import fclose msvcrt.dll
    12                                  
    13                                  
    14                                  segment data use32 class=data
    15 00000000 00000000                    N dd 0
    16 00000004 00000000                    sum dd 0 
    17 00000008 46696C65206E616D65-         message1 db "File name: ", 0
    17 00000011 3A2000             
    18 00000014 4E202830203C3D204E-         message2 db "N (0 <= N < 8)= ", 0
    18 0000001D 203C2038293D2000   
    19 00000025 5468652073756D206F-         message3 db "The sum of the N-th bits of every character: ", 0
    19 0000002E 6620746865204E2D74-
    19 00000037 682062697473206F66-
    19 00000040 206576657279206368-
    19 00000049 617261637465723A20-
    19 00000052 00                 
    20 00000053 257300                      format1 db "%s", 0
    21 00000056 256400                      format2 db "%d", 0
    22 00000059 00<rept>                    fileName times 101 db 0
    23 000000BE 7200                        mode db "r", 0
    24 000000C0 00000000                    fileDescriptor dd 0
    25 000000C4 00<rept>                    string times 101 db 0 
    26                                      
    27                                      
    28                                  
    29                                  segment code use32 class=code
    30                                      start:
    31                                          
    32 00000000 68[08000000]                    push dword message1
    33 00000005 FF15[00000000]                  call [printf]
    34 0000000B 83C404                          add esp, 4
    35                                          
    36 0000000E 68[59000000]                    push dword fileName
    37 00000013 68[53000000]                    push dword format1
    38 00000018 FF15[00000000]                  call [scanf]
    39 0000001E 83C408                          add esp, 4*2
    40                                          
    41                                          readN:
    42                                              
    43 00000021 68[14000000]                        push dword message2
    44 00000026 FF15[00000000]                      call [printf]
    45 0000002C 83C404                              add esp, 4
    46                                              
    47 0000002F 68[00000000]                        push dword N
    48 00000034 68[56000000]                        push dword format2
    49 00000039 FF15[00000000]                      call [scanf]
    50 0000003F 83C408                              add esp, 4*2
    51 00000042 833D[00000000]00                    cmp dword[N], 0
    52 00000049 7CD6                                jl readN
    53 0000004B 833D[00000000]08                    cmp dword[N], 8
    54 00000052 7DCD                                jge readN
    55                                          
    56                                          
    57 00000054 68[BE000000]                    push dword mode
    58 00000059 68[59000000]                    push dword fileName
    59 0000005E FF15[00000000]                  call [fopen]
    60 00000064 83C408                          add esp, 4*2
    61                                          
    62 00000067 83F800                          cmp eax, 0
    63 0000006A 7473                            je final
    64 0000006C A3[C0000000]                    mov dword[fileDescriptor], eax
    65                                          
    66 00000071 FF35[C0000000]                  push dword [fileDescriptor]
    67 00000077 6A64                            push dword 100
    68 00000079 6A01                            push dword 1
    69 0000007B 68[C4000000]                    push dword string
    70 00000080 FF15[00000000]                  call [fread]
    71 00000086 83C410                          add esp, 4*4
    72                                          
    73 00000089 FF35[C0000000]                  push dword [fileDescriptor]
    74 0000008F FF15[00000000]                  call [fclose]
    75 00000095 83C404                          add esp, 4
    76                                          
    77 00000098 BE[C4000000]                    mov esi, string
    78 0000009D FC                              cld
    79                                          
    80 0000009E 8305[00000000]01                add dword[N], 1
    81 000000A5 8B0D[00000000]                  mov ecx, [N]
    82                                          
    83                                          character:
    84                                              
    85 000000AB AC                                  lodsb
    86                                              
    87 000000AC 3C00                                cmp al, 0
    88 000000AE 740D                                je finished
    89                                              
    90 000000B0 D2D8                                rcr al, cl
    91                                              
    92 000000B2 7307                                jnc bit0
    93 000000B4 8305[04000000]01                    add dword[sum], 1
    94                                              bit0:
    95                                              
    96 000000BB EBEE                                jmp character
    97                                          
    98                                          
    99                                          finished:
   100                                          
   101 000000BD 68[25000000]                    push dword message3
   102 000000C2 FF15[00000000]                  call [printf]
   103 000000C8 83C404                          add esp, 4
   104                                          
   105 000000CB FF35[04000000]                  push dword [sum]
   106 000000D1 68[56000000]                    push dword format2
   107 000000D6 FF15[00000000]                  call [printf]
   108 000000DC 83C408                          add esp, 4*2
   109                                          
   110                                          final:
   111                                          
   112 000000DF 6A00                            push    dword 0     
   113 000000E1 FF15[00000000]                  call    [exit]   
