
       ┌30
       ├2
       ├43
program┼44
       ├41
       │                                                   ┌type─30
       │                                                   ├-1
       │                       ┌simpleStatement─declaration┤
       │                       │                           ├55
       │                       │                           └0
       │             ┌statement┤
       │             │         └40
       ├statementList┤
       │             │                                                   ┌type─30
       │             │                                                   ├-1
       │             │                       ┌simpleStatement─declaration┤
       │             │                       │                           ├55
       │             │                       │                           └0
       │             │             ┌statement┤
       │             │             │         └40
       │             └statementList┤
       │                           │                                                   ┌type─30
       │                           │                                                   ├-1
       │                           │                       ┌simpleStatement─declaration┤
       │                           │                       │                           ├55
       │                           │                       │                           └0
       │                           │             ┌statement┤
       │                           │             │         └40
       │                           └statementList┤
       │                                         │                                                   ┌type─30
       │                                         │                                                   ├-1
       │                                         │                       ┌simpleStatement─declaration┤
       │                                         │                       │                           ├55
       │                                         │                       │                           └0
       │                                         │             ┌statement┤
       │                                         │             │         └40
       │                                         └statementList┤
       │                                                       │                                          ┌4
       │                                                       │                       ┌simpleStatement─io┤
       │                                                       │                       │                  └-1
       │                                                       │             ┌statement┤
       │                                                       │             │         └40
       │                                                       └statementList┤
       │                                                                     │                                          ┌4
       │                                                                     │                       ┌simpleStatement─io┤
       │                                                                     │                       │                  └-1
       │                                                                     │             ┌statement┤
       │                                                                     │             │         └40
       │                                                                     └statementList┤
       │                                                                                   │                                          ┌4
       │                                                                                   │                       ┌simpleStatement─io┤
       │                                                                                   │                       │                  └-1
       │                                                                                   │             ┌statement┤
       │                                                                                   │             │         └40
       │                                                                                   └statementList┤
       │                                                                                                 │                                                  ┌-1
       │                                                                                                 │                       ┌simpleStatement─assignment┼55
       │                                                                                                 │                       │                          └expression─-1
       │                                                                                                 │             ┌statement┤
       │                                                                                                 │             │         └40
       │                                                                                                 └statementList┤
       │                                                                                                               │                                              ┌20
       │                                                                                                               │                                              ├43
       │                                                                                                               │                                              │         ┌operand─-1
       │                                                                                                               │                                              ├condition┼relation─12
       │                                                                                                               │                                              │         └operand─-1
       │                                                                                                               │             ┌statement─structuredStatement─if┼44
       │                                                                                                               │             │                                ├41
       │                                                                                                               │             │                                │                                                  ┌-1
       │                                                                                                               │             │                                │                       ┌simpleStatement─assignment┼55
       │                                                                                                               │             │                                │                       │                          └expression─-1
       │                                                                                                               │             │                                ├statementList─statement┤
       │                                                                                                               │             │                                │                       └40
       │                                                                                                               │             │                                └42
       │                                                                                                               └statementList┤
       │                                                                                                                             │                                              ┌20
       │                                                                                                                             │                                              ├43
       │                                                                                                                             │                                              │         ┌operand─-1
       │                                                                                                                             │                                              ├condition┼relation─12
       │                                                                                                                             │                                              │         └operand─-1
       │                                                                                                                             │             ┌statement─structuredStatement─if┼44
       │                                                                                                                             │             │                                ├41
       │                                                                                                                             │             │                                │                                                  ┌-1
       │                                                                                                                             │             │                                │                       ┌simpleStatement─assignment┼55
       │                                                                                                                             │             │                                │                       │                          └expression─-1
       │                                                                                                                             │             │                                ├statementList─statement┤
       │                                                                                                                             │             │                                │                       └40
       │                                                                                                                             │             │                                └42
       │                                                                                                                             └statementList┤
       │                                                                                                                                           │                                          ┌5
       │                                                                                                                                           │                       ┌simpleStatement─io┤
       │                                                                                                                                           │                       │                  └-1
       │                                                                                                                                           │             ┌statement┤
       │                                                                                                                                           │             │         └40
       │                                                                                                                                           └statementList┤
       │                                                                                                                                                         │                                              ┌3
       │                                                                                                                                                         │                       ┌simpleStatement─return┤
       │                                                                                                                                                         │                       │                      └0
       │                                                                                                                                                         └statementList─statement┤
       │                                                                                                                                                                                 └40
       └42
