     1                                  ; The following code will open a file called "ana.txt" from current folder,
     2                                  ; it will read maximum 100 characters from this file,
     3                                  ; and it will display to the console the number of chars and the text we've read.
     4                                  
     5                                  ; The program will use:
     6                                  ; - the function fopen() to open/create the file
     7                                  ; - the function fread() to read from file
     8                                  ; - the function printf() to display a text
     9                                  ; - the function fclose() to close the created file.
    10                                  
    11                                  ; Because the fopen() call uses the file access mode "r", the file will be open for
    12                                  ; reading. The file must exist, otherwise the fopen() call will fail.
    13                                  ; For details about the file access modes see the section "Theory".
    14                                  
    15                                  ; Any string used by printf() must be null-terminated ('\0').
    16                                  
    17                                  bits 32
    18                                  
    19                                  global start
    20                                  
    21                                  ; declare external functions needed by our program
    22                                  extern exit, fopen, fread, fclose, printf
    23                                  import exit msvcrt.dll
    24                                  import fopen msvcrt.dll
    25                                  import fread msvcrt.dll
    26                                  import fclose msvcrt.dll
    27                                  import printf msvcrt.dll
    28                                  
    29                                  ; our data is declared here (the variables needed by our program)
    30                                  segment data use32 class=data
    31 00000000 616E612E74787400            file_name db "ana.txt", 0   ; filename to be read
    32 00000008 7200                        access_mode db "r", 0       ; file access mode:
    33                                                                  ; r - opens a file for reading. The file must exist.
    34 0000000A FFFFFFFF                    file_descriptor dd -1       ; variable to hold the file descriptor
    35                                      len equ 100                 ; maximum number of characters to read
    36 0000000E 00<rept>                    text times (len+1) db 0     ; string to hold the text which is read from file
    37 00000073 576527766520726561-         format db "We've read %d chars from file. The text is: %s", 0
    37 0000007C 642025642063686172-
    37 00000085 732066726F6D206669-
    37 0000008E 6C652E205468652074-
    37 00000097 6578742069733A2025-
    37 000000A0 7300               
    38                                  
    39                                  ; our code starts here
    40                                  segment code use32 class=code
    41                                      start:
    42                                          ; call fopen() to create the file
    43                                          ; fopen() will return a file descriptor in the EAX or 0 in case of error
    44                                          ; eax = fopen(file_name, access_mode)
    45 00000000 68[08000000]                    push dword access_mode     
    46 00000005 68[00000000]                    push dword file_name
    47 0000000A FF15[00000000]                  call [fopen]
    48 00000010 83C408                          add esp, 4*2                ; clean-up the stack
    49                                  
    50 00000013 A3[0A000000]                    mov [file_descriptor], eax  ; store the file descriptor returned by fopen
    51                                  
    52                                          ; check if fopen() has successfully created the file (EAX != 0)
    53 00000018 83F800                          cmp eax, 0
    54 0000001B 743B                            je final
    55                                  
    56                                          ; read the text from file using fread()
    57                                          ; after the fread() call, EAX will contain the number of chars we've read 
    58                                          ; eax = fread(text, 1, len, file_descriptor)
    59 0000001D FF35[0A000000]                  push dword [file_descriptor]
    60 00000023 6A64                            push dword len
    61 00000025 6A01                            push dword 1
    62 00000027 68[0E000000]                    push dword text        
    63 0000002C FF15[00000000]                  call [fread]
    64 00000032 83C410                          add esp, 4*4
    65                                  
    66                                          ; display the number of chars we've read and the text
    67                                          ; printf(format, eax, text)
    68 00000035 68[0E000000]                    push dword text
    69 0000003A 50                              push dword EAX
    70 0000003B 68[73000000]                    push dword format
    71 00000040 FF15[00000000]                  call [printf]
    72 00000046 83C40C                          add esp, 4*3
    73                                  
    74                                          ; call fclose() to close the file
    75                                          ; fclose(file_descriptor)
    76 00000049 FF35[0A000000]                  push dword [file_descriptor]
    77 0000004F FF15[00000000]                  call [fclose]
    78 00000055 83C404                          add esp, 4
    79                                  
    80                                        final:
    81                                  
    82                                          ; exit(0)
    83 00000058 6A00                            push dword 0
    84 0000005A FF15[00000000]                  call [exit]
