     1                                  bits 32
     2                                  global start
     3                                  
     4                                  import printf msvcrt.dll
     5                                  import exit msvcrt.dll
     6                                  extern printf, exit
     7                                  
     8                                  extern factorial
     9                                  import factorial modul.asm
    10                                  
    11                                  segment data use32 class=data
    12 00000000 666163746F7269616C-     	format_string db "factorial=%d", 10, 13, 0
    12 00000009 3D25640A0D00       
    13                                  
    14                                  segment code use32 public class=code
    15                                  start:
    16 00000000 6A06                    	push dword 6
    17 00000002 E8(00000000)            	call factorial
    18                                  
    19 00000007 50                      	push eax
    20 00000008 68[00000000]            	push format_string
    21 0000000D FF15[00000000]          	call [printf]
    22 00000013 83C408                  	add esp, 2*4
    23                                  
    24 00000016 6A00                    	push 0
    25 00000018 FF15[00000000]          	call [exit]
