     1                                  ; Read a string of signed numbers in base 10 from keyboard. 
     2                                  ; Determine the maximum value of the string and write it in the file max.txt (it will be created) in 16  base.
     3                                  
     4                                  bits 32
     5                                  global start
     6                                  
     7                                  extern exit, scanf, printf, fopen, fprintf, fclose, fwrite
     8                                  import exit msvcrt.dll
     9                                  import scanf msvcrt.dll
    10                                  import printf msvcrt.dll
    11                                  import fopen msvcrt.dll
    12                                  import fprintf msvcrt.dll
    13                                  import fclose msvcrt.dll
    14                                  import fwrite msvcrt.dll
    15                                  
    16                                  
    17                                  segment data use32 class=data
    18 00000000 4E756D626572206F66-         message1 db "Number of elements = ", 0
    18 00000009 20656C656D656E7473-
    18 00000012 203D2000           
    19 00000016 496E70757420746865-         message2 db "Input the elements of the string one by one:\n", 0
    19 0000001F 20656C656D656E7473-
    19 00000028 206F66207468652073-
    19 00000031 7472696E67206F6E65-
    19 0000003A 206279206F6E653A5C-
    19 00000043 6E00               
    20 00000045 7700                        accessMode db "w", 0
    21 00000047 6D61782E74787400            fileName db "max.txt", 0
    22 0000004F 256400                      decimal db "%d", 0
    23 00000052 257800                      hexa db "%x", 0
    24 00000055 FFFFFFFF                    fileDescriptor dd -1
    25 00000059 00000000                    max dd 0
    26 0000005D 00000000                    current dd 0
    27 00000061 00000000                    len dd 0
    28 00000065 00000000<rept>              string times 100 dd 0
    29                                  
    30                                      
    31                                      
    32                                  segment code use32 class=code
    33                                  
    34                                  
    35                                  readNrOfElems:
    36                                      ; read the number of the elemets of the string
    37 00000000 68[00000000]                push dword message1 
    38 00000005 FF15[00000000]              call [printf]
    39 0000000B 83C404                      add esp, 4*1
    40                                      
    41 0000000E 68[61000000]                push dword len
    42 00000013 68[4F000000]                push dword decimal
    43 00000018 FF15[00000000]              call [scanf]
    44 0000001E 83C408                      add esp, 4*2
    45                                      
    46 00000021 C3                          ret
    47                                  
    48                                  
    49                                  readElemets:
    50                                      ; read the elements of the string
    51                                  
    52 00000022 BF[65000000]                mov edi, string
    53                                      
    54                                      readCurrent:
    55                                          ; read the current element
    56 00000027 68[5D000000]                    push dword current
    57 0000002C 68[4F000000]                    push dword decimal
    58 00000031 FF15[00000000]                  call [scanf]
    59 00000037 83C408                          add esp, 4*2
    60                                          
    61 0000003A A1[5D000000]                    mov eax, [current]
    62 0000003F AB                              stosd
    63 00000040 FF0D[61000000]                  dec dword[len]
    64 00000046 75DF                            jnz readCurrent
    65                                          
    66 00000048 C3                          ret
    67                                  
    68                                      
    69                                  maximum:
    70                                      ; find the maximum value of the string
    71                                  
    72 00000049 BE[65000000]                mov esi, string
    73 0000004E C705[59000000]0000-         mov dword[max], -2147483648
    73 00000056 0080               
    74                                      
    75                                      nextElem:
    76 00000058 AD                              lodsd
    77 00000059 3905[59000000]                  cmp [max], eax
    78 0000005F 7D05                            jge smallerElem
    79 00000061 A3[59000000]                    mov [max], eax
    80                                          smallerElem:
    81 00000066 FF0D[61000000]                  dec dword[len]
    82 0000006C 75EA                            jnz nextElem
    83                                  
    84 0000006E C3                          ret
    85                                      
    86                                  
    87                                  writeMaximumValue:
    88                                      ; open file "max.txt" for writing
    89 0000006F 68[45000000]                push dword accessMode
    90 00000074 68[47000000]                push dword fileName
    91 00000079 FF15[00000000]              call [fopen]
    92 0000007F 83C408                      add esp, 4*2
    93                                      
    94                                      ; verify if the file was opened successfully
    95 00000082 83F800                      cmp eax, 0
    96 00000085 742E                        je couldNotOpenFile
    97 00000087 A3[55000000]                mov [fileDescriptor], eax
    98                                      
    99                                      ; write the maximum value into the file
   100 0000008C FF35[59000000]              push dword [max]
   101 00000092 68[4F000000]                push dword decimal
   102 00000097 FF35[55000000]              push dword [fileDescriptor]
   103 0000009D FF15[00000000]              call [fprintf]
   104 000000A3 83C40C                      add esp, 4*3
   105                                      
   106                                      ; close the file
   107 000000A6 FF35[55000000]              push dword [fileDescriptor]
   108 000000AC FF15[00000000]              call [fclose]
   109 000000B2 83C404                      add esp, 4*1
   110                                      
   111                                      couldNotOpenFile:
   112                                      
   113 000000B5 C3                          ret
   114                                      
   115                                      
   116                                  start:
   117                                  
   118                                      ; read the number of elements
   119 000000B6 E845FFFFFF                  call readNrOfElems
   120                                      
   121                                      ; verify if the string is void
   122 000000BB 833D[61000000]00            cmp dword[len], 0
   123 000000C2 7421                        je voidString
   124                                      
   125 000000C4 8B1D[61000000]              mov ebx, [len] ; save the number of elements
   126                                      
   127                                      ; read elements
   128 000000CA E853FFFFFF                  call readElemets
   129 000000CF 891D[61000000]              mov [len], ebx
   130                                      
   131                                      
   132                                      ; find the maximum value of the elements
   133 000000D5 E86FFFFFFF                  call maximum
   134 000000DA 891D[61000000]              mov [len], ebx
   135                                      
   136                                      ; print the maximum value
   137 000000E0 E88AFFFFFF                  call writeMaximumValue
   138                                      
   139                                      voidString:
   140                                      
   141 000000E5 6A00                        push dword 0
   142 000000E7 FF15[00000000]              call [exit]
