     1                                  ; Being given a string of doublewords, build another string of doublewords which will include only the doublewords from the given string which have an even number of bits with the value 1.
     2                                  
     3                                  bits 32
     4                                  global start
     5                                  
     6                                  extern exit
     7                                  import exit msvcrt.dll
     8                                  
     9                                  segment data use32 class=data
    10 00000000 840000008000000004-         s dd 132, 128, 4, 5, 64, 384, 1023, 2047; 00000084h, 00000080h, 00000004h, 00000005h, 00000040h, 00000180h, 000003FFh, 000004FFh
    10 00000009 000000050000004000-
    10 00000012 000080010000FF0300-
    10 0000001B 00FF070000         
    11                                      len equ ($-s)/4 ; len := 8
    12 00000020 00000000<rept>              res times len dd 0 ; final string: 132, 5, 384, 1023
    13 00000040 00                          cntB1 db 0
    14 00000041 02                          two db 2
    15                                  
    16                                  segment code use32 class=code
    17                                  start:
    18 00000000 FC                          cld ; DF := 0
    19 00000001 BE[00000000]                mov esi, s ; ds:esi - far address of s
    20 00000006 BF[20000000]                mov edi, res ; es:edi - far address of res
    21 0000000B B908000000                  mov ecx, len ; ecx := 8
    22                                      
    23                                      repeat0:
    24                                      
    25 00000010 AD                              lodsd ; eax - current dword
    26 00000011 83C000                          add eax, 0 ; eax := eax
    27 00000014 7B01                            jnp oddNumberOfBits1
    28 00000016 AB                              stosd ; store eax      
    29                                          oddNumberOfBits1
    29          ******************       warning: label alone on a line without a colon might be in error [-w+orphan-labels]
    30                                          
    31 00000017 E2F7                        loop repeat0
    32                                      
    33 00000019 6A00                        push dword 0
    34 0000001B FF15[00000000]              call [exit]
