     1                                  ;Problema. Se da un sir de valori numerice intregi reprezentate pe quadworduri.
     2                                  ;Sa se determine suma cifrelor numarului multiplilor de 8 din sirul octetilor 
     3                                  ;inferiori ai cuvintelor superioare ai dublucuvintelor superioare din elementele sirului de quadworduri.
     4                                  bits 32 
     5                                  global start
     6                                  extern exit; tell nasm that exit exists even if we won't be defining it
     7                                  import exit msvcrt.dll; exit is a function that ends the calling process. It is defined in msvcrt.dll
     8                                  ; our data is declared here (the variables needed by our program)
     9                                  segment data use32 class=data
    10 00000000 B0BC0A1110311200D2-     	sir  dq  123110110abcb0h,1116adcb5a051ad2h,4120ca11d730cbb0h
    10 00000009 1A055ACBAD1611B0CB-
    10 00000012 30D711CA2041       
    11                                  	len equ ($-sir)/8;lungimea sirului (in dublucuvinte)
    12 00000018 08                      	opt db 8;variabila folosita pentru testarea divizibilitatii cu 8
    13 00000019 0A00                    	zece dw 10;variabila folosita pentru determinarea cifrelor unui numar prin impartiri succesive la 10
    14 0000001B 00000000                	suma dd  0;variabila in care retinem suma cifrelor 
    15                                  ; our code starts here
    16                                  segment code use32 class=code
    17                                      start:
    18 00000000 BE[00000000]            	mov esi, sir
    19 00000005 FC                      	cld;parcurgem sirul de la stanga la dreapta (DF=0).    
    20 00000006 B903000000              	mov ecx, len;vom parcurge elementele sirului intr-o bucla loop cu len iteratii.
    21 0000000B BB00000000              	mov ebx, 0;in registrul ebx vom retine numarul multiplilor lui 8.
    22                                  	repeta:
    23 00000010 AD                      		lodsd;in eax vom avea dublucuvantul mai putin semnificativ al quadword-ului curent din sir
    24 00000011 AD                      		lodsd;in eax vom avea dublucuvantul cel mai semnificativ al quadword-ului curent din sir
    25 00000012 C1E810                  		shr eax, 16
    26 00000015 B400                    		mov ah, 0;ne intereseaza doar octetul mai putin semnificativ din acest cuvant (AL)
    27                                        
    28 00000017 F635[18000000]          		div byte[opt];vedem daca al este divizibil cu 8
    29 0000001D 80FC00                  		cmp ah, 0;daca restul nu este 0, reluam ciclul repeta. 
    30                                  				;Altfel incrementam numarul multiplilor de 8 din registrul bx. 
    31 00000020 7501                    		jnz nonmultiplu
    32 00000022 43                      		inc ebx
    33                                  
    34                                  		nonmultiplu:
    35 00000023 E2EB                    	loop repeta;daca mai sunt elemente de parcurs(cx>0) reia ciclul.
    36                                  
    37                                  	;mai departe, obtinem cifrele numarului bx in baza 10 prin impartiri succesive la 10 si calculam suma acestor cifre. 
    38                                  
    39 00000025 89D8                    	mov eax, ebx
    40 00000027 BA00000000              	mov edx, 0
    41                                      
    42                                  	transf:
    43 0000002C F735[19000000]          		div dword[zece];impartim la 10 numarul din registrul ca sa aflam ultima cifra
    44 00000032 0115[1B000000]          		add dword[suma], edx;adunam cifra la suma.
    45 00000038 83F800                  		cmp eax, 0
    46 0000003B 7407                    	jz sfarsit;daca catul este 0 inseamna ca am obtinut toate cifrele si putem parasi bucla transf
    47                                  				;Altfel, il pregatim pentru o noua iteratie 
    48 0000003D BA00000000              	mov edx, 0				
    49 00000042 EBE8                    	jmp transf;reluam bucla pentru obtinerea unei noi cifre.
    50                                  
    51                                  sfarsit:;incheiem programul.
    52                                             
    53 00000044 6A00                            push dword 0; push the parameter for exit onto the stack
    54 00000046 FF15[00000000]                  call [exit]; call exit to terminate the program
    55                                          
