     1                                  ;A file name and a text (defined in data segment) are given. The text contains lowercase letters, uppercase letters, digits and special characters. Replace all digits from the text with character 'C'. Create a file 
     2                                  
     3                                  bits 32
     4                                  global start
     5                                  
     6                                  extern exit, fopen, fprintf
     7                                  import exit msvcrt.dll
     8                                  import fopen msvcrt.dll
     9                                  import fprintf msvcrt.dll
    10                                  
    11                                  segment data use32 class=data
    12 00000000 6F75747075742E7478-         fileName db "output.txt", 0
    12 00000009 7400               
    13 0000000B 7700                        accessMode db "w", 0
    14 0000000D 3132372063616E2062-         text db "127 can be represented on a byte, but 145891 cannot.", 0
    14 00000016 652072657072657365-
    14 0000001F 6E746564206F6E2061-
    14 00000028 20627974652C206275-
    14 00000031 742031343538393120-
    14 0000003A 63616E6E6F742E00   
    15                                      len equ $-text
    16 00000042 FFFFFFFF                    fileDescriptor dd -1
    17 00000046 257300                      format db "%s", 0
    18                                      
    19                                  segment code use class=code
    20                                  start:
    21                                      ; fopen (fileName, accessMode)
    22 00000000 68[0B000000]                push dword accessMode
    23 00000005 68[00000000]                push dword fileName
    24 0000000A FF15[00000000]              call [fopen]
    25 00000010 83C408                      add esp, 4*2
    26                                      
    27 00000013 83F800                      cmp eax, 0
    28 00000016 7446                        je couldNotOpenFile
    29                                      
    30 00000018 A3[42000000]                mov [fileDescriptor], eax
    31                                  
    32 0000001D BE00000000                  mov esi, 0
    33 00000022 B935000000                  mov ecx, len
    34                                      parseText:
    35 00000027 80BE[0D000000]30                cmp byte[text+esi], '0'
    36 0000002E 7210                            jb notDigit
    37 00000030 80BE[0D000000]39                cmp byte[text+esi], '9'
    38 00000037 7707                            ja notDigit
    39 00000039 C686[0D000000]43                mov byte[text+esi], 'C'
    40                                          notDigit:
    41 00000040 46                              inc esi
    42 00000041 39F1                            cmp ecx, esi
    43 00000043 77E2                            ja parseText
    44                                      
    45 00000045 68[0D000000]                push dword text
    46 0000004A 68[46000000]                push dword format
    47 0000004F FF35[42000000]              push dword [fileDescriptor]
    48 00000055 FF15[00000000]              call [fprintf]
    49 0000005B 83C40C                      add esp, 4*3
    50                                      
    51                                      couldNotOpenFile:
    52                                      
    53 0000005E 6A00                        push dword 0
    54 00000060 FF15[00000000]              call [exit]
    55                                      
