PIF: 
[
	int ->  -1
	main ->  -1
	( ->  -1
	) ->  -1
	{ ->  -1
	int ->  -1
	count ->  94851343
	= ->  -1
	0 ->  48
	; ->  -1
	int ->  -1
	numbers ->  2000515510
	[ ->  -1
	100 ->  48625
	] ->  -1
	= ->  -1
	0 ->  48
	; ->  -1
	int ->  -1
	sum ->  114251
	= ->  -1
	0 ->  48
	; ->  -1
	read ->  -1
	count ->  94851343
	; ->  -1
	for ->  -1
	( ->  -1
	int ->  -1
	index ->  100346066
	= ->  -1
	0 ->  48
	; ->  -1
	index ->  100346066
	lessEqual ->  -1
	count ->  94851343
	; ->  -1
	index ->  100346066
	= ->  -1
	index ->  100346066
	+ ->  -1
	1 ->  49
	) ->  -1
	{ ->  -1
	read ->  -1
	numbers ->  2000515510
	[ ->  -1
	index ->  100346066
	] ->  -1
	; ->  -1
	sum ->  114251
	= ->  -1
	sum ->  114251
	+ ->  -1
	numbers ->  2000515510
	[ ->  -1
	index ->  100346066
	] ->  -1
	; ->  -1
	} ->  -1
	write ->  -1
	sum ->  114251
	; ->  -1
	return ->  -1
	0 ->  48
	; ->  -1
	} ->  -1
]
