     1                                  ; Read a string of signed numbers in base 10 from keyboard. 
     2                                  ; Determine the maximum value of the string and write it in the file max.txt (it will be created) in 16  base.
     3                                  
     4                                  bits 32
     5                                  global start
     6                                  
     7                                  extern exit, scanf, printf, fopen, fprintf, fclose
     8                                  import exit msvcrt.dll
     9                                  import scanf msvcrt.dll
    10                                  import printf msvcrt.dll
    11                                  import fopen msvcrt.dll
    12                                  import fprintf msvcrt.dll
    13                                  import fclose msvcrt.dll
    14                                  
    15                                  extern maximum
    16                                  import maximum module.asm
    17                                  
    18                                  
    19                                  segment data use32
    20 00000000 4E756D626572206F66-         message1 db "Number of elements = ", 0
    20 00000009 20656C656D656E7473-
    20 00000012 203D2000           
    21 00000016 496E70757420746865-         message2 db "Input the elements of the string one by one:\n", 0
    21 0000001F 20656C656D656E7473-
    21 00000028 206F66207468652073-
    21 00000031 7472696E67206F6E65-
    21 0000003A 206279206F6E653A5C-
    21 00000043 6E00               
    22 00000045 7700                        accessMode db "w", 0
    23 00000047 6D61782E74787400            fileName db "max.txt", 0
    24 0000004F 256400                      decimal db "%d", 0
    25 00000052 257800                      hexa db "%x", 0
    26 00000055 FFFFFFFF                    fileDescriptor dd -1
    27 00000059 00000000                    max dd 0
    28 0000005D 00000000                    current dd 0
    29 00000061 00000000                    len dd 0
    30 00000065 00000000<rept>              string times 100 dd 0
    31                                  
    32                                      
    33                                      
    34                                  segment code use32 public code
    35                                  
    36                                  
    37                                  readNrOfElems:
    38                                      ; read the number of the elemets of the string
    39 00000000 68[00000000]                push dword message1 
    40 00000005 FF15[00000000]              call [printf]
    41 0000000B 83C404                      add esp, 4*1
    42                                      
    43 0000000E 68[61000000]                push dword len
    44 00000013 68[4F000000]                push dword decimal
    45 00000018 FF15[00000000]              call [scanf]
    46 0000001E 83C408                      add esp, 4*2
    47                                      
    48 00000021 C3                          ret
    49                                  
    50                                  
    51                                  readElemets:
    52                                      ; read the elements of the string
    53                                  
    54 00000022 BF[65000000]                mov edi, string
    55                                      
    56                                      readCurrent:
    57                                          ; read the current element
    58 00000027 68[5D000000]                    push dword current
    59 0000002C 68[4F000000]                    push dword decimal
    60 00000031 FF15[00000000]                  call [scanf]
    61 00000037 83C408                          add esp, 4*2
    62                                          
    63 0000003A A1[5D000000]                    mov eax, [current]
    64 0000003F AB                              stosd
    65 00000040 FF0D[61000000]                  dec dword[len]
    66 00000046 75DF                            jnz readCurrent
    67                                          
    68 00000048 C3                          ret
    69                                      
    70                                  
    71                                  writeMaximumValue:
    72                                      ; open file "max.txt" for writing
    73 00000049 68[45000000]                push dword accessMode
    74 0000004E 68[47000000]                push dword fileName
    75 00000053 FF15[00000000]              call [fopen]
    76 00000059 83C408                      add esp, 4*2
    77                                      
    78                                      ; verify if the file was opened successfully
    79 0000005C 83F800                      cmp eax, 0
    80 0000005F 742E                        je couldNotOpenFile
    81 00000061 A3[55000000]                mov [fileDescriptor], eax
    82                                      
    83                                      ; write the maximum value into the file
    84 00000066 FF35[59000000]              push dword [max]
    85 0000006C 68[4F000000]                push dword decimal
    86 00000071 FF35[55000000]              push dword [fileDescriptor]
    87 00000077 FF15[00000000]              call [fprintf]
    88 0000007D 83C40C                      add esp, 4*3
    89                                      
    90                                      ; close the file
    91 00000080 FF35[55000000]              push dword [fileDescriptor]
    92 00000086 FF15[00000000]              call [fclose]
    93 0000008C 83C404                      add esp, 4*1
    94                                      
    95                                      couldNotOpenFile:
    96                                      
    97 0000008F C3                          ret
    98                                      
    99                                      
   100                                  start:
   101                                  
   102                                      ; read the number of elements
   103 00000090 E86BFFFFFF                  call readNrOfElems
   104                                      
   105                                      ; verify if the string is void
   106 00000095 833D[61000000]00            cmp dword[len], 0
   107 0000009C 7430                        je voidString
   108                                      
   109 0000009E 8B1D[61000000]              mov ebx, [len] ; save the number of elements
   110                                      
   111                                      ; read elements
   112 000000A4 E879FFFFFF                  call readElemets
   113 000000A9 891D[61000000]              mov [len], ebx
   114                                      
   115                                      
   116                                      ; find the maximum value of the elements
   117 000000AF 68[65000000]                push dword string
   118 000000B4 68[61000000]                push dword len
   119 000000B9 68[59000000]                push dword max
   120 000000BE E8(00000000)                call maximum
   121 000000C3 891D[61000000]              mov [len], ebx
   122                                      
   123                                      ; print the maximum value
   124 000000C9 E87BFFFFFF                  call writeMaximumValue
   125                                      
   126                                      voidString:
   127                                      
   128 000000CE 6A00                        push dword 0
   129 000000D0 FF15[00000000]              call [exit]
