PIF: 
[
	int ->  -1
	main ->  -1
	( ->  -1
	) ->  -1
	{ ->  -1
	int ->  -1
	no ->  3521
	= ->  -1
	0 ->  48
	; ->  -1
	int ->  -1
	no2 ->  109201
	= ->  -1
	0 ->  48
	; ->  -1
	int ->  -1
	no3 ->  109202
	= ->  -1
	0 ->  48
	; ->  -1
	int ->  -1
	minimum ->  1064538126
	= ->  -1
	0 ->  48
	; ->  -1
	read ->  -1
	no ->  3521
	; ->  -1
	read ->  -1
	no2 ->  109201
	; ->  -1
	read ->  -1
	no3 ->  109202
	; ->  -1
	minimum ->  1064538126
	= ->  -1
	no ->  3521
	; ->  -1
	if ->  -1
	( ->  -1
	minimum ->  1064538126
	lessThan ->  -1
	no2 ->  109201
	) ->  -1
	{ ->  -1
	minimum ->  1064538126
	= ->  -1
	no2 ->  109201
	; ->  -1
	} ->  -1
	if ->  -1
	( ->  -1
	minimum ->  1064538126
	lessThan ->  -1
	no3 ->  109202
	) ->  -1
	{ ->  -1
	minimum ->  1064538126
	= ->  -1
	no3 ->  109202
	; ->  -1
	} ->  -1
	write ->  -1
	minimum ->  1064538126
	; ->  -1
	return ->  -1
	0 ->  48
	; ->  -1
	} ->  -1
]
