PIF: 
[
	int ->  -1
	main ->  -1
	( ->  -1
	) ->  -1
	{ ->  -1
	int ->  -1
	no ->  3521
	= ->  -1
	0 ->  48
	; ->  -1
	int ->  -1
	divisor ->  1674333342
	= ->  -1
	0 ->  48
	; ->  -1
	read ->  -1
	no ->  3521
	; ->  -1
	if ->  -1
	( ->  -1
	no ->  3521
	lessThan ->  -1
	2 ->  50
	) ->  -1
	{ ->  -1
	write ->  -1
	0 ->  48
	; ->  -1
	return ->  -1
	0 ->  48
	; ->  -1
	} ->  -1
	if ->  -1
	( ->  -1
	no ->  3521
	equals ->  -1
	2 ->  50
	) ->  -1
	{ ->  -1
	write ->  -1
	1 ->  49
	; ->  -1
	return ->  -1
	0 ->  48
	; ->  -1
	} ->  -1
	for ->  -1
	( ->  -1
	divisor ->  1674333342
	= ->  -1
	3 ->  51
	; ->  -1
	divisor ->  1674333342
	* ->  -1
	divisor ->  1674333342
	lessEqual ->  -1
	no ->  3521
	; ->  -1
	divisor ->  1674333342
	= ->  -1
	divisor ->  1674333342
	+ ->  -1
	2 ->  50
	) ->  -1
	{ ->  -1
	if ->  -1
	( ->  -1
	no ->  3521
	% ->  -1
	divisor ->  1674333342
	equals ->  -1
	0 ->  48
	) ->  -1
	{ ->  -1
	write ->  -1
	0 ->  48
	; ->  -1
	return ->  -1
	0 ->  48
	; ->  -1
	} ->  -1
	} ->  -1
	write ->  -1
	1 ->  49
	; ->  -1
	return ->  -1
	0 ->  48
	; ->  -1
	} ->  -1
]
