     1                                  bits 32 ;asamblare și compilare pentru arhitectura de 32 biți
     2                                  ; definim punctul de intrare in programul principal
     3                                  global start
     4                                  
     5                                  ; declaram functiile externe necesare programului nostru 
     6                                  extern exit ; indicam asamblorului ca exit exista, chiar daca noi nu o vom defini
     7                                  import exit msvcrt.dll  ; exit este o functie care incheie procesul, este definita in msvcrt.dll
     8                                          ; msvcrt.dll contine exit, printf si toate celelalte functii C-runtime importante
     9                                  
    10                                  ; segmentul de date in care se vor defini variabilele 
    11                                  segment data use32 class=data
    12                                  ; ... 
    13                                  
    14                                  ; segmentul de cod
    15                                  segment code use32 class=code
    16                                  start:
    17                                   
    18 00000000 B0B0                        mov al, 10110000b
    19 00000002 D0C0                        rol AL, 1
    20 00000004 D0C0                        rol AL, 1
    21 00000006 D0D0                        rcl AL, 1
    22 00000008 D0D0                        rcl AL, 1
    23                                      
    24                                      ; exit(0)
    25 0000000A 6A00                        push dword 0 ; se pune pe stiva parametrul functiei exit
    26 0000000C FF15[00000000]              call [exit] ; apelul functiei exit pentru terminarea executiei programului
